<?xml version="1.0" encoding="UTF-8"?>
<testng-results skipped="0" failed="0" total="1" passed="1">
  <reporter-output>
  </reporter-output>
  <suite name="Default suite" duration-ms="99167" started-at="2016-09-14T19:02:01Z" finished-at="2016-09-14T19:03:40Z">
    <groups>
    </groups>
    <test name="Default test" duration-ms="99167" started-at="2016-09-14T19:02:01Z" finished-at="2016-09-14T19:03:40Z">
      <class name="ShoseWebsite.TestShoesSearch">
        <test-method status="PASS" signature="setUp()[pri:0, instance:ShoseWebsite.TestShoesSearch@4501b7af]" name="setUp" is-config="true" duration-ms="4821" started-at="2016-09-14T12:02:01Z" finished-at="2016-09-14T12:02:05Z">
          <reporter-output>
          </reporter-output>
        </test-method> <!-- setUp -->
        <test-method status="PASS" signature="testAddShoesToWishList()[pri:0, instance:ShoseWebsite.TestShoesSearch@4501b7af]" name="testAddShoesToWishList" duration-ms="93378" started-at="2016-09-14T12:02:05Z" finished-at="2016-09-14T12:03:39Z">
          <reporter-output>
          </reporter-output>
        </test-method> <!-- testAddShoesToWishList -->
        <test-method status="PASS" signature="tearDown()[pri:0, instance:ShoseWebsite.TestShoesSearch@4501b7af]" name="tearDown" is-config="true" duration-ms="954" started-at="2016-09-14T12:03:39Z" finished-at="2016-09-14T12:03:40Z">
          <reporter-output>
          </reporter-output>
        </test-method> <!-- tearDown -->
      </class> <!-- ShoseWebsite.TestShoesSearch -->
    </test> <!-- Default test -->
  </suite> <!-- Default suite -->
</testng-results>
