<?xml version="1.0" encoding="UTF-8"?>
<testng-results skipped="0" failed="0" total="1" passed="1">
  <reporter-output>
  </reporter-output>
  <suite name="Default suite" duration-ms="81865" started-at="2016-09-26T21:36:38Z" finished-at="2016-09-26T21:38:00Z">
    <groups>
    </groups>
    <test name="Default test" duration-ms="81865" started-at="2016-09-26T21:36:38Z" finished-at="2016-09-26T21:38:00Z">
      <class name="ShoseWebsite.TestFilterShoesUS">
        <test-method status="PASS" signature="setUp()[pri:0, instance:ShoseWebsite.TestFilterShoesUS@4501b7af]" name="setUp" is-config="true" duration-ms="3405" started-at="2016-09-26T14:36:38Z" finished-at="2016-09-26T14:36:42Z">
          <reporter-output>
          </reporter-output>
        </test-method> <!-- setUp -->
        <test-method status="PASS" signature="testFilterSizeOfShoes()[pri:0, instance:ShoseWebsite.TestFilterShoesUS@4501b7af]" name="testFilterSizeOfShoes" duration-ms="75446" started-at="2016-09-26T14:36:42Z" finished-at="2016-09-26T14:37:57Z">
          <reporter-output>
          </reporter-output>
        </test-method> <!-- testFilterSizeOfShoes -->
        <test-method status="PASS" signature="tearDown()[pri:0, instance:ShoseWebsite.TestFilterShoesUS@4501b7af]" name="tearDown" is-config="true" duration-ms="2999" started-at="2016-09-26T14:37:57Z" finished-at="2016-09-26T14:38:00Z">
          <reporter-output>
          </reporter-output>
        </test-method> <!-- tearDown -->
      </class> <!-- ShoseWebsite.TestFilterShoesUS -->
    </test> <!-- Default test -->
  </suite> <!-- Default suite -->
</testng-results>
